<?xml version="1.0" encoding="UTF-8"?>
<!-- Generated by org.testng.reporters.JUnitReportReporter -->
<testsuite hostname="ojas-dd401" failures="0" tests="1" name="mythili.testng" time="6.443" errors="0" timestamp="2021-03-11T10:43:09 IST" skipped="0">
  <testcase classname="mythili.testng" name="mn" time="6.443"/>
  <system-out/>
</testsuite> <!-- mythili.testng -->
